# This is the CMakeCache file.
# For build in directory: /iusers/msabiani/llvm/sycl/test-e2e/build
# It was generated by CMake: /nfs/sc/proj/icl/rdrive_b/ics/itools/pkgtools/cmake/v_3_25_3/efi2_rhxx/bin/cmake
# You can edit this file to change values found and used by cmake.
# If you do not want to change any of the values, simply exit the editor.
# If you do want to change a value, simply edit, save, and exit the editor.
# The syntax for the file is as follows:
# KEY:TYPE=VALUE
# KEY is the name of a variable in the cache.
# TYPE is a hint to GUIs for the type of VALUE, DO NOT EDIT TYPE!.
# VALUE is the current value for the KEY.

########################
# EXTERNAL cache entries
########################

//Path to a program.
CMAKE_ADDR2LINE:FILEPATH=/usr/bin/llvm-addr2line

//Path to a program.
CMAKE_AR:FILEPATH=/iusers/msabiani/llvm/build/bin/llvm-ar

//Choose the type of build, options are: None Debug Release RelWithDebInfo
// MinSizeRel ...
CMAKE_BUILD_TYPE:STRING=

//Enable/Disable color output during build.
CMAKE_COLOR_MAKEFILE:BOOL=ON

//No help, variable specified on the command line.
CMAKE_CXX_COMPILER:UNINITIALIZED=clang++

//LLVM archiver
CMAKE_CXX_COMPILER_AR:FILEPATH=/iusers/msabiani/llvm/build/bin/llvm-ar

//Generate index for LLVM archive
CMAKE_CXX_COMPILER_RANLIB:FILEPATH=/usr/bin/llvm-ranlib

//Flags used by the CXX compiler during all build types.
CMAKE_CXX_FLAGS:STRING=

//Flags used by the CXX compiler during DEBUG builds.
CMAKE_CXX_FLAGS_DEBUG:STRING=-g

//Flags used by the CXX compiler during MINSIZEREL builds.
CMAKE_CXX_FLAGS_MINSIZEREL:STRING=-Os -DNDEBUG

//Flags used by the CXX compiler during RELEASE builds.
CMAKE_CXX_FLAGS_RELEASE:STRING=-O3 -DNDEBUG

//Flags used by the CXX compiler during RELWITHDEBINFO builds.
CMAKE_CXX_FLAGS_RELWITHDEBINFO:STRING=-O2 -g -DNDEBUG

//Path to a program.
CMAKE_DLLTOOL:FILEPATH=/usr/bin/llvm-dlltool

//Flags used by the linker during all build types.
CMAKE_EXE_LINKER_FLAGS:STRING=

//Flags used by the linker during DEBUG builds.
CMAKE_EXE_LINKER_FLAGS_DEBUG:STRING=

//Flags used by the linker during MINSIZEREL builds.
CMAKE_EXE_LINKER_FLAGS_MINSIZEREL:STRING=

//Flags used by the linker during RELEASE builds.
CMAKE_EXE_LINKER_FLAGS_RELEASE:STRING=

//Flags used by the linker during RELWITHDEBINFO builds.
CMAKE_EXE_LINKER_FLAGS_RELWITHDEBINFO:STRING=

//Enable/Disable output of compile commands during generation.
CMAKE_EXPORT_COMPILE_COMMANDS:BOOL=

//Value Computed by CMake.
CMAKE_FIND_PACKAGE_REDIRECTS_DIR:STATIC=/iusers/msabiani/llvm/sycl/test-e2e/build/CMakeFiles/pkgRedirects

//Install path prefix, prepended onto install directories.
CMAKE_INSTALL_PREFIX:PATH=/usr/local

//Path to a program.
CMAKE_LINKER:FILEPATH=/usr/bin/ld

//Path to a program.
CMAKE_MAKE_PROGRAM:FILEPATH=/nfs/sc/proj/icl/rdrive_b/ics/itools/efi2_rhel60/bin/gmake

//Flags used by the linker during the creation of modules during
// all build types.
CMAKE_MODULE_LINKER_FLAGS:STRING=

//Flags used by the linker during the creation of modules during
// DEBUG builds.
CMAKE_MODULE_LINKER_FLAGS_DEBUG:STRING=

//Flags used by the linker during the creation of modules during
// MINSIZEREL builds.
CMAKE_MODULE_LINKER_FLAGS_MINSIZEREL:STRING=

//Flags used by the linker during the creation of modules during
// RELEASE builds.
CMAKE_MODULE_LINKER_FLAGS_RELEASE:STRING=

//Flags used by the linker during the creation of modules during
// RELWITHDEBINFO builds.
CMAKE_MODULE_LINKER_FLAGS_RELWITHDEBINFO:STRING=

//Path to a program.
CMAKE_NM:FILEPATH=/usr/bin/llvm-nm

//Path to a program.
CMAKE_OBJCOPY:FILEPATH=/iusers/msabiani/llvm/build/bin/llvm-objcopy

//Path to a program.
CMAKE_OBJDUMP:FILEPATH=/usr/bin/llvm-objdump

//Value Computed by CMake
CMAKE_PROJECT_DESCRIPTION:STATIC=

//Value Computed by CMake
CMAKE_PROJECT_HOMEPAGE_URL:STATIC=

//Value Computed by CMake
CMAKE_PROJECT_NAME:STATIC=sycl-e2e-test-suite

//Path to a program.
CMAKE_RANLIB:FILEPATH=/usr/bin/llvm-ranlib

//Path to a program.
CMAKE_READELF:FILEPATH=/usr/bin/llvm-readelf

//Flags used by the linker during the creation of shared libraries
// during all build types.
CMAKE_SHARED_LINKER_FLAGS:STRING=

//Flags used by the linker during the creation of shared libraries
// during DEBUG builds.
CMAKE_SHARED_LINKER_FLAGS_DEBUG:STRING=

//Flags used by the linker during the creation of shared libraries
// during MINSIZEREL builds.
CMAKE_SHARED_LINKER_FLAGS_MINSIZEREL:STRING=

//Flags used by the linker during the creation of shared libraries
// during RELEASE builds.
CMAKE_SHARED_LINKER_FLAGS_RELEASE:STRING=

//Flags used by the linker during the creation of shared libraries
// during RELWITHDEBINFO builds.
CMAKE_SHARED_LINKER_FLAGS_RELWITHDEBINFO:STRING=

//If set, runtime paths are not added when installing shared libraries,
// but are added when building.
CMAKE_SKIP_INSTALL_RPATH:BOOL=NO

//If set, runtime paths are not added when using shared libraries.
CMAKE_SKIP_RPATH:BOOL=NO

//Flags used by the linker during the creation of static libraries
// during all build types.
CMAKE_STATIC_LINKER_FLAGS:STRING=

//Flags used by the linker during the creation of static libraries
// during DEBUG builds.
CMAKE_STATIC_LINKER_FLAGS_DEBUG:STRING=

//Flags used by the linker during the creation of static libraries
// during MINSIZEREL builds.
CMAKE_STATIC_LINKER_FLAGS_MINSIZEREL:STRING=

//Flags used by the linker during the creation of static libraries
// during RELEASE builds.
CMAKE_STATIC_LINKER_FLAGS_RELEASE:STRING=

//Flags used by the linker during the creation of static libraries
// during RELWITHDEBINFO builds.
CMAKE_STATIC_LINKER_FLAGS_RELWITHDEBINFO:STRING=

//Path to a program.
CMAKE_STRIP:FILEPATH=/usr/bin/llvm-strip

//If this value is on, makefiles will be generated without the
// .SILENT directive, and all commands will be echoed to the console
// during the make.  This is useful for debugging only. With Visual
// Studio IDE projects all commands are done without /nologo.
CMAKE_VERBOSE_MAKEFILE:BOOL=FALSE

//Path to a program.
CUDAToolkit_NVCC_EXECUTABLE:FILEPATH=CUDAToolkit_NVCC_EXECUTABLE-NOTFOUND

//Path to a file.
CUDAToolkit_SENTINEL_FILE:FILEPATH=CUDAToolkit_SENTINEL_FILE-NOTFOUND

//Path to a library.
LEVEL_ZERO_LIBS_PATH:FILEPATH=LEVEL_ZERO_LIBS_PATH-NOTFOUND

//Path to a file.
LEVEL_ZERO_PATH:PATH=LEVEL_ZERO_PATH-NOTFOUND

//Path to lit.py
LLVM_LIT:FILEPATH=/iusers/msabiani/llvm/build/bin/llvm-lit

//Path to a file.
OpenCL_INCLUDE_DIR:PATH=OpenCL_INCLUDE_DIR-NOTFOUND

//Path to a library.
OpenCL_LIBRARY:FILEPATH=OpenCL_LIBRARY-NOTFOUND

//Allow unknown architectures when configuring e2e tests
SYCL_E2E_LIT_ALLOW_UNKNOWN_ARCH:BOOL=OFF

//Flags used when running lit
SYCL_E2E_TESTS_LIT_FLAGS:STRING=-sv

//No help, variable specified on the command line.
SYCL_TEST_E2E_TARGETS:UNINITIALIZED=opencl:cpu

//Path to a program.
Vulkan_GLSLANG_VALIDATOR_EXECUTABLE:FILEPATH=Vulkan_GLSLANG_VALIDATOR_EXECUTABLE-NOTFOUND

//Path to a program.
Vulkan_GLSLC_EXECUTABLE:FILEPATH=Vulkan_GLSLC_EXECUTABLE-NOTFOUND

//Path to a file.
Vulkan_INCLUDE_DIR:PATH=Vulkan_INCLUDE_DIR-NOTFOUND

//Path to a library.
Vulkan_LIBRARY:FILEPATH=Vulkan_LIBRARY-NOTFOUND

//The directory containing a CMake configuration file for hip.
hip_DIR:PATH=hip_DIR-NOTFOUND

//Value Computed by CMake
sycl-e2e-test-suite_BINARY_DIR:STATIC=/iusers/msabiani/llvm/sycl/test-e2e/build

//Value Computed by CMake
sycl-e2e-test-suite_IS_TOP_LEVEL:STATIC=ON

//Value Computed by CMake
sycl-e2e-test-suite_SOURCE_DIR:STATIC=/iusers/msabiani/llvm/sycl/test-e2e


########################
# INTERNAL cache entries
########################

//ADVANCED property for variable: CMAKE_ADDR2LINE
CMAKE_ADDR2LINE-ADVANCED:INTERNAL=1
//ADVANCED property for variable: CMAKE_AR
CMAKE_AR-ADVANCED:INTERNAL=1
//This is the directory where this CMakeCache.txt was created
CMAKE_CACHEFILE_DIR:INTERNAL=/iusers/msabiani/llvm/sycl/test-e2e/build
//Major version of cmake used to create the current loaded cache
CMAKE_CACHE_MAJOR_VERSION:INTERNAL=3
//Minor version of cmake used to create the current loaded cache
CMAKE_CACHE_MINOR_VERSION:INTERNAL=25
//Patch version of cmake used to create the current loaded cache
CMAKE_CACHE_PATCH_VERSION:INTERNAL=3
//ADVANCED property for variable: CMAKE_COLOR_MAKEFILE
CMAKE_COLOR_MAKEFILE-ADVANCED:INTERNAL=1
//Path to CMake executable.
CMAKE_COMMAND:INTERNAL=/nfs/sc/proj/icl/rdrive_b/ics/itools/pkgtools/cmake/v_3_25_3/efi2_rhxx/bin/cmake
//Path to cpack program executable.
CMAKE_CPACK_COMMAND:INTERNAL=/nfs/sc/proj/icl/rdrive_b/ics/itools/pkgtools/cmake/v_3_25_3/efi2_rhxx/bin/cpack
//Path to ctest program executable.
CMAKE_CTEST_COMMAND:INTERNAL=/nfs/sc/proj/icl/rdrive_b/ics/itools/pkgtools/cmake/v_3_25_3/efi2_rhxx/bin/ctest
//ADVANCED property for variable: CMAKE_CXX_COMPILER
CMAKE_CXX_COMPILER-ADVANCED:INTERNAL=1
//ADVANCED property for variable: CMAKE_CXX_COMPILER_AR
CMAKE_CXX_COMPILER_AR-ADVANCED:INTERNAL=1
//ADVANCED property for variable: CMAKE_CXX_COMPILER_RANLIB
CMAKE_CXX_COMPILER_RANLIB-ADVANCED:INTERNAL=1
//ADVANCED property for variable: CMAKE_CXX_FLAGS
CMAKE_CXX_FLAGS-ADVANCED:INTERNAL=1
//ADVANCED property for variable: CMAKE_CXX_FLAGS_DEBUG
CMAKE_CXX_FLAGS_DEBUG-ADVANCED:INTERNAL=1
//ADVANCED property for variable: CMAKE_CXX_FLAGS_MINSIZEREL
CMAKE_CXX_FLAGS_MINSIZEREL-ADVANCED:INTERNAL=1
//ADVANCED property for variable: CMAKE_CXX_FLAGS_RELEASE
CMAKE_CXX_FLAGS_RELEASE-ADVANCED:INTERNAL=1
//ADVANCED property for variable: CMAKE_CXX_FLAGS_RELWITHDEBINFO
CMAKE_CXX_FLAGS_RELWITHDEBINFO-ADVANCED:INTERNAL=1
//ADVANCED property for variable: CMAKE_DLLTOOL
CMAKE_DLLTOOL-ADVANCED:INTERNAL=1
//Path to cache edit program executable.
CMAKE_EDIT_COMMAND:INTERNAL=/nfs/sc/proj/icl/rdrive_b/ics/itools/pkgtools/cmake/v_3_25_3/efi2_rhxx/bin/ccmake
//Executable file format
CMAKE_EXECUTABLE_FORMAT:INTERNAL=ELF
//ADVANCED property for variable: CMAKE_EXE_LINKER_FLAGS
CMAKE_EXE_LINKER_FLAGS-ADVANCED:INTERNAL=1
//ADVANCED property for variable: CMAKE_EXE_LINKER_FLAGS_DEBUG
CMAKE_EXE_LINKER_FLAGS_DEBUG-ADVANCED:INTERNAL=1
//ADVANCED property for variable: CMAKE_EXE_LINKER_FLAGS_MINSIZEREL
CMAKE_EXE_LINKER_FLAGS_MINSIZEREL-ADVANCED:INTERNAL=1
//ADVANCED property for variable: CMAKE_EXE_LINKER_FLAGS_RELEASE
CMAKE_EXE_LINKER_FLAGS_RELEASE-ADVANCED:INTERNAL=1
//ADVANCED property for variable: CMAKE_EXE_LINKER_FLAGS_RELWITHDEBINFO
CMAKE_EXE_LINKER_FLAGS_RELWITHDEBINFO-ADVANCED:INTERNAL=1
//ADVANCED property for variable: CMAKE_EXPORT_COMPILE_COMMANDS
CMAKE_EXPORT_COMPILE_COMMANDS-ADVANCED:INTERNAL=1
//Name of external makefile project generator.
CMAKE_EXTRA_GENERATOR:INTERNAL=
//Name of generator.
CMAKE_GENERATOR:INTERNAL=Unix Makefiles
//Generator instance identifier.
CMAKE_GENERATOR_INSTANCE:INTERNAL=
//Name of generator platform.
CMAKE_GENERATOR_PLATFORM:INTERNAL=
//Name of generator toolset.
CMAKE_GENERATOR_TOOLSET:INTERNAL=
//Test CMAKE_HAVE_LIBC_PTHREAD
CMAKE_HAVE_LIBC_PTHREAD:INTERNAL=1
//Source directory with the top level CMakeLists.txt file for this
// project
CMAKE_HOME_DIRECTORY:INTERNAL=/iusers/msabiani/llvm/sycl/test-e2e
//Install .so files without execute permission.
CMAKE_INSTALL_SO_NO_EXE:INTERNAL=1
//ADVANCED property for variable: CMAKE_LINKER
CMAKE_LINKER-ADVANCED:INTERNAL=1
//ADVANCED property for variable: CMAKE_MAKE_PROGRAM
CMAKE_MAKE_PROGRAM-ADVANCED:INTERNAL=1
//ADVANCED property for variable: CMAKE_MODULE_LINKER_FLAGS
CMAKE_MODULE_LINKER_FLAGS-ADVANCED:INTERNAL=1
//ADVANCED property for variable: CMAKE_MODULE_LINKER_FLAGS_DEBUG
CMAKE_MODULE_LINKER_FLAGS_DEBUG-ADVANCED:INTERNAL=1
//ADVANCED property for variable: CMAKE_MODULE_LINKER_FLAGS_MINSIZEREL
CMAKE_MODULE_LINKER_FLAGS_MINSIZEREL-ADVANCED:INTERNAL=1
//ADVANCED property for variable: CMAKE_MODULE_LINKER_FLAGS_RELEASE
CMAKE_MODULE_LINKER_FLAGS_RELEASE-ADVANCED:INTERNAL=1
//ADVANCED property for variable: CMAKE_MODULE_LINKER_FLAGS_RELWITHDEBINFO
CMAKE_MODULE_LINKER_FLAGS_RELWITHDEBINFO-ADVANCED:INTERNAL=1
//ADVANCED property for variable: CMAKE_NM
CMAKE_NM-ADVANCED:INTERNAL=1
//number of local generators
CMAKE_NUMBER_OF_MAKEFILES:INTERNAL=3
//ADVANCED property for variable: CMAKE_OBJCOPY
CMAKE_OBJCOPY-ADVANCED:INTERNAL=1
//ADVANCED property for variable: CMAKE_OBJDUMP
CMAKE_OBJDUMP-ADVANCED:INTERNAL=1
//Platform information initialized
CMAKE_PLATFORM_INFO_INITIALIZED:INTERNAL=1
//ADVANCED property for variable: CMAKE_RANLIB
CMAKE_RANLIB-ADVANCED:INTERNAL=1
//ADVANCED property for variable: CMAKE_READELF
CMAKE_READELF-ADVANCED:INTERNAL=1
//Path to CMake installation.
CMAKE_ROOT:INTERNAL=/nfs/sc/proj/icl/rdrive_b/ics/itools/pkgtools/cmake/v_3_25_3/efi2_rhxx/share/cmake-3.25
//ADVANCED property for variable: CMAKE_SHARED_LINKER_FLAGS
CMAKE_SHARED_LINKER_FLAGS-ADVANCED:INTERNAL=1
//ADVANCED property for variable: CMAKE_SHARED_LINKER_FLAGS_DEBUG
CMAKE_SHARED_LINKER_FLAGS_DEBUG-ADVANCED:INTERNAL=1
//ADVANCED property for variable: CMAKE_SHARED_LINKER_FLAGS_MINSIZEREL
CMAKE_SHARED_LINKER_FLAGS_MINSIZEREL-ADVANCED:INTERNAL=1
//ADVANCED property for variable: CMAKE_SHARED_LINKER_FLAGS_RELEASE
CMAKE_SHARED_LINKER_FLAGS_RELEASE-ADVANCED:INTERNAL=1
//ADVANCED property for variable: CMAKE_SHARED_LINKER_FLAGS_RELWITHDEBINFO
CMAKE_SHARED_LINKER_FLAGS_RELWITHDEBINFO-ADVANCED:INTERNAL=1
//ADVANCED property for variable: CMAKE_SKIP_INSTALL_RPATH
CMAKE_SKIP_INSTALL_RPATH-ADVANCED:INTERNAL=1
//ADVANCED property for variable: CMAKE_SKIP_RPATH
CMAKE_SKIP_RPATH-ADVANCED:INTERNAL=1
//ADVANCED property for variable: CMAKE_STATIC_LINKER_FLAGS
CMAKE_STATIC_LINKER_FLAGS-ADVANCED:INTERNAL=1
//ADVANCED property for variable: CMAKE_STATIC_LINKER_FLAGS_DEBUG
CMAKE_STATIC_LINKER_FLAGS_DEBUG-ADVANCED:INTERNAL=1
//ADVANCED property for variable: CMAKE_STATIC_LINKER_FLAGS_MINSIZEREL
CMAKE_STATIC_LINKER_FLAGS_MINSIZEREL-ADVANCED:INTERNAL=1
//ADVANCED property for variable: CMAKE_STATIC_LINKER_FLAGS_RELEASE
CMAKE_STATIC_LINKER_FLAGS_RELEASE-ADVANCED:INTERNAL=1
//ADVANCED property for variable: CMAKE_STATIC_LINKER_FLAGS_RELWITHDEBINFO
CMAKE_STATIC_LINKER_FLAGS_RELWITHDEBINFO-ADVANCED:INTERNAL=1
//ADVANCED property for variable: CMAKE_STRIP
CMAKE_STRIP-ADVANCED:INTERNAL=1
//uname command
CMAKE_UNAME:INTERNAL=/usr/bin/uname
//ADVANCED property for variable: CMAKE_VERBOSE_MAKEFILE
CMAKE_VERBOSE_MAKEFILE-ADVANCED:INTERNAL=1
//Details about finding Python3
FIND_PACKAGE_MESSAGE_DETAILS_Python3:INTERNAL=[/nfs/sc/proj/icl/rdrive_b/ics/itools/unx/bin/python3][cfound components: Interpreter ][v3.10.11()]
//Details about finding Threads
FIND_PACKAGE_MESSAGE_DETAILS_Threads:INTERNAL=[TRUE][v()]
//Have symbol CL_VERSION_1_0
OPENCL_VERSION_1_0:INTERNAL=
//Have symbol CL_VERSION_1_1
OPENCL_VERSION_1_1:INTERNAL=
//Have symbol CL_VERSION_1_2
OPENCL_VERSION_1_2:INTERNAL=
//Have symbol CL_VERSION_2_0
OPENCL_VERSION_2_0:INTERNAL=
//Have symbol CL_VERSION_2_1
OPENCL_VERSION_2_1:INTERNAL=
//Have symbol CL_VERSION_2_2
OPENCL_VERSION_2_2:INTERNAL=
//Have symbol CL_VERSION_3_0
OPENCL_VERSION_3_0:INTERNAL=
//ADVANCED property for variable: OpenCL_INCLUDE_DIR
OpenCL_INCLUDE_DIR-ADVANCED:INTERNAL=1
//ADVANCED property for variable: OpenCL_LIBRARY
OpenCL_LIBRARY-ADVANCED:INTERNAL=1
//ADVANCED property for variable: Vulkan_GLSLANG_VALIDATOR_EXECUTABLE
Vulkan_GLSLANG_VALIDATOR_EXECUTABLE-ADVANCED:INTERNAL=1
//ADVANCED property for variable: Vulkan_GLSLC_EXECUTABLE
Vulkan_GLSLC_EXECUTABLE-ADVANCED:INTERNAL=1
//ADVANCED property for variable: Vulkan_INCLUDE_DIR
Vulkan_INCLUDE_DIR-ADVANCED:INTERNAL=1
//ADVANCED property for variable: Vulkan_LIBRARY
Vulkan_LIBRARY-ADVANCED:INTERNAL=1
//linker supports push/pop state
_CMAKE_LINKER_PUSHPOP_STATE_SUPPORTED:INTERNAL=TRUE
//Compiler reason failure
_Python3_Compiler_REASON_FAILURE:INTERNAL=
//Development reason failure
_Python3_Development_REASON_FAILURE:INTERNAL=
//Path to a program.
_Python3_EXECUTABLE:INTERNAL=/nfs/sc/proj/icl/rdrive_b/ics/itools/unx/bin/python3
//Python3 Properties
_Python3_INTERPRETER_PROPERTIES:INTERNAL=Python;3;10;11;64;;cpython-310-x86_64-linux-gnu;/nfs/sc/proj/icl/rdrive_b/ics/itools/pkgtools/python/v3_10_11/efi2_ubu22/lib/python3.10;/nfs/sc/proj/icl/rdrive_b/ics/itools/pkgtools/python/v3_10_11/efi2_ubu22/lib/python3.10;/nfs/sc/proj/icl/rdrive_b/ics/itools/pkgtools/python/v3_10_11/efi2_ubu22/lib/python3.10/site-packages;/nfs/sc/proj/icl/rdrive_b/ics/itools/pkgtools/python/v3_10_11/efi2_ubu22/lib/python3.10/site-packages
_Python3_INTERPRETER_SIGNATURE:INTERNAL=af94a8c7e5a9e8fa81e8b7b3f7b91fed
//Interpreter reason failure
_Python3_Interpreter_REASON_FAILURE:INTERNAL=
//NumPy reason failure
_Python3_NumPy_REASON_FAILURE:INTERNAL=

